# JRE version: OpenJDK Runtime Environment (8.0_152) (build 1.8.0_152-release-1343-b16-5323222)
# Java VM: OpenJDK 64-Bit Server VM (25.152-b16-5323222 mixed mode linux-amd64 compressed oops)
Heap:
 PSYoungGen      total 55808K, used 51568K [0x00000000e0000000, 0x00000000e6d00000, 0x0000000100000000)
  eden space 48128K, 91% used [0x00000000e0000000,0x00000000e2ae0358,0x00000000e2f00000)
  from space 7680K, 99% used [0x00000000e3680000,0x00000000e3dfbe20,0x00000000e3e00000)
  to   space 7680K, 0% used [0x00000000e2f00000,0x00000000e2f00000,0x00000000e3680000)
 ParOldGen       total 126976K, used 124K [0x00000000a0000000, 0x00000000a7c00000, 0x00000000e0000000)
  object space 126976K, 0% used [0x00000000a0000000,0x00000000a001f160,0x00000000a7c00000)
 Metaspace       used 16672K, capacity 17056K, committed 17408K, reserved 1064960K
  class space    used 2369K, capacity 2538K, committed 2560K, reserved 1048576K
GC Heap History (4 events):
Event: 0.879 GC heap before
{Heap before GC invocations=1 (full 0):
 PSYoungGen      total 55808K, used 48128K [0x00000000e0000000, 0x00000000e3e00000, 0x0000000100000000)
  eden space 48128K, 100% used [0x00000000e0000000,0x00000000e2f00000,0x00000000e2f00000)
  from space 7680K, 0% used [0x00000000e3680000,0x00000000e3680000,0x00000000e3e00000)
  to   space 7680K, 0% used [0x00000000e2f00000,0x00000000e2f00000,0x00000000e3680000)
 ParOldGen       total 126976K, used 0K [0x00000000a0000000, 0x00000000a7c00000, 0x00000000e0000000)
  object space 126976K, 0% used [0x00000000a0000000,0x00000000a0000000,0x00000000a7c00000)
 Metaspace       used 6762K, capacity 6952K, committed 7168K, reserved 1056768K
  class space    used 841K, capacity 916K, committed 1024K, reserved 1048576K
Event: 0.885 GC heap after
Heap after GC invocations=1 (full 0):
 PSYoungGen      total 55808K, used 5279K [0x00000000e0000000, 0x00000000e3e00000, 0x0000000100000000)
  eden space 48128K, 0% used [0x00000000e0000000,0x00000000e0000000,0x00000000e2f00000)
  from space 7680K, 68% used [0x00000000e2f00000,0x00000000e3427c68,0x00000000e3680000)
  to   space 7680K, 0% used [0x00000000e3680000,0x00000000e3680000,0x00000000e3e00000)
 ParOldGen       total 126976K, used 16K [0x00000000a0000000, 0x00000000a7c00000, 0x00000000e0000000)
  object space 126976K, 0% used [0x00000000a0000000,0x00000000a0004000,0x00000000a7c00000)
 Metaspace       used 6762K, capacity 6952K, committed 7168K, reserved 1056768K
  class space    used 841K, capacity 916K, committed 1024K, reserved 1048576K
}
Event: 1.435 GC heap before
{Heap before GC invocations=2 (full 0):
 PSYoungGen      total 55808K, used 53407K [0x00000000e0000000, 0x00000000e3e00000, 0x0000000100000000)
  eden space 48128K, 100% used [0x00000000e0000000,0x00000000e2f00000,0x00000000e2f00000)
  from space 7680K, 68% used [0x00000000e2f00000,0x00000000e3427c68,0x00000000e3680000)
  to   space 7680K, 0% used [0x00000000e3680000,0x00000000e3680000,0x00000000e3e00000)
 ParOldGen       total 126976K, used 16K [0x00000000a0000000, 0x00000000a7c00000, 0x00000000e0000000)
  object space 126976K, 0% used [0x00000000a0000000,0x00000000a0004000,0x00000000a7c00000)
 Metaspace       used 13084K, capacity 13438K, committed 13824K, reserved 1060864K
  class space    used 1812K, capacity 1965K, committed 2048K, reserved 1048576K
Event: 1.448 GC heap after
Heap after GC invocations=2 (full 0):
 PSYoungGen      total 55808K, used 7663K [0x00000000e0000000, 0x00000000e6d00000, 0x0000000100000000)
  eden space 48128K, 0% used [0x00000000e0000000,0x00000000e0000000,0x00000000e2f00000)
  from space 7680K, 99% used [0x00000000e3680000,0x00000000e3dfbe20,0x00000000e3e00000)
  to   space 7680K, 0% used [0x00000000e2f00000,0x00000000e2f00000,0x00000000e3680000)
 ParOldGen       total 126976K, used 124K [0x00000000a0000000, 0x00000000a7c00000, 0x00000000e0000000)
  object space 126976K, 0% used [0x00000000a0000000,0x00000000a001f160,0x00000000a7c00000)
 Metaspace       used 13084K, capacity 13438K, committed 13824K, reserved 1060864K
  class space    used 1812K, capacity 1965K, committed 2048K, reserved 1048576K
}

