# JRE version: OpenJDK Runtime Environment (8.0_152) (build 1.8.0_152-release-1343-b16-5323222)
# Java VM: OpenJDK 64-Bit Server VM (25.152-b16-5323222 mixed mode linux-amd64 compressed oops)
Heap:
 PSYoungGen      total 56832K, used 17309K [0x00000000e0000000, 0x00000000e7080000, 0x0000000100000000)
  eden space 46080K, 16% used [0x00000000e0000000,0x00000000e075f150,0x00000000e2d00000)
  from space 10752K, 90% used [0x00000000e2d00000,0x00000000e3688680,0x00000000e3780000)
  to   space 11776K, 46% used [0x00000000e6500000,0x00000000e6a650b0,0x00000000e7080000)
 ParOldGen       total 858112K, used 806887K [0x00000000a0000000, 0x00000000d4600000, 0x00000000e0000000)
  object space 858112K, 94% used [0x00000000a0000000,0x00000000d13f9c40,0x00000000d4600000)
 Metaspace       used 34665K, capacity 35386K, committed 35496K, reserved 1079296K
  class space    used 4683K, capacity 4860K, committed 4864K, reserved 1048576K
GC Heap History (10 events):
Event: 470.745 GC heap after
Heap after GC invocations=4 (full 0):
 PSYoungGen      total 55808K, used 7657K [0x00000000e0000000, 0x00000000e3e00000, 0x0000000100000000)
  eden space 48128K, 0% used [0x00000000e0000000,0x00000000e0000000,0x00000000e2f00000)
  from space 7680K, 99% used [0x00000000e3680000,0x00000000e3dfa748,0x00000000e3e00000)
  to   space 7680K, 0% used [0x00000000e2f00000,0x00000000e2f00000,0x00000000e3680000)
 ParOldGen       total 126976K, used 3415K [0x00000000a0000000, 0x00000000a7c00000, 0x00000000e0000000)
  object space 126976K, 2% used [0x00000000a0000000,0x00000000a0355e98,0x00000000a7c00000)
 Metaspace       used 20603K, capacity 21098K, committed 21296K, reserved 1067008K
  class space    used 2901K, capacity 3106K, committed 3200K, reserved 1048576K
}
Event: 470.745 GC heap before
{Heap before GC invocations=5 (full 1):
 PSYoungGen      total 55808K, used 7657K [0x00000000e0000000, 0x00000000e3e00000, 0x0000000100000000)
  eden space 48128K, 0% used [0x00000000e0000000,0x00000000e0000000,0x00000000e2f00000)
  from space 7680K, 99% used [0x00000000e3680000,0x00000000e3dfa748,0x00000000e3e00000)
  to   space 7680K, 0% used [0x00000000e2f00000,0x00000000e2f00000,0x00000000e3680000)
 ParOldGen       total 126976K, used 3415K [0x00000000a0000000, 0x00000000a7c00000, 0x00000000e0000000)
  object space 126976K, 2% used [0x00000000a0000000,0x00000000a0355e98,0x00000000a7c00000)
 Metaspace       used 20603K, capacity 21098K, committed 21296K, reserved 1067008K
  class space    used 2901K, capacity 3106K, committed 3200K, reserved 1048576K
Event: 470.818 GC heap after
Heap after GC invocations=5 (full 1):
 PSYoungGen      total 55808K, used 0K [0x00000000e0000000, 0x00000000e3e00000, 0x0000000100000000)
  eden space 48128K, 0% used [0x00000000e0000000,0x00000000e0000000,0x00000000e2f00000)
  from space 7680K, 0% used [0x00000000e3680000,0x00000000e3680000,0x00000000e3e00000)
  to   space 7680K, 0% used [0x00000000e2f00000,0x00000000e2f00000,0x00000000e3680000)
 ParOldGen       total 60416K, used 9438K [0x00000000a0000000, 0x00000000a3b00000, 0x00000000e0000000)
  object space 60416K, 15% used [0x00000000a0000000,0x00000000a0937bf8,0x00000000a3b00000)
 Metaspace       used 20603K, capacity 21098K, committed 21296K, reserved 1067008K
  class space    used 2901K, capacity 3106K, committed 3200K, reserved 1048576K
}
Event: 471.662 GC heap before
{Heap before GC invocations=6 (full 1):
 PSYoungGen      total 55808K, used 48128K [0x00000000e0000000, 0x00000000e3e00000, 0x0000000100000000)
  eden space 48128K, 100% used [0x00000000e0000000,0x00000000e2f00000,0x00000000e2f00000)
  from space 7680K, 0% used [0x00000000e3680000,0x00000000e3680000,0x00000000e3e00000)
  to   space 7680K, 0% used [0x00000000e2f00000,0x00000000e2f00000,0x00000000e3680000)
 ParOldGen       total 60416K, used 9438K [0x00000000a0000000, 0x00000000a3b00000, 0x00000000e0000000)
  object space 60416K, 15% used [0x00000000a0000000,0x00000000a0937bf8,0x00000000a3b00000)
 Metaspace       used 26642K, capacity 27172K, committed 27392K, reserved 1073152K
  class space    used 3587K, capacity 3784K, committed 3840K, reserved 1048576K
Event: 471.668 GC heap after
Heap after GC invocations=6 (full 1):
 PSYoungGen      total 54784K, used 5739K [0x00000000e0000000, 0x00000000e4500000, 0x0000000100000000)
  eden space 47104K, 0% used [0x00000000e0000000,0x00000000e0000000,0x00000000e2e00000)
  from space 7680K, 74% used [0x00000000e2f00000,0x00000000e349ad18,0x00000000e3680000)
  to   space 11776K, 0% used [0x00000000e3980000,0x00000000e3980000,0x00000000e4500000)
 ParOldGen       total 60416K, used 9446K [0x00000000a0000000, 0x00000000a3b00000, 0x00000000e0000000)
  object space 60416K, 15% used [0x00000000a0000000,0x00000000a0939bf8,0x00000000a3b00000)
 Metaspace       used 26642K, capacity 27172K, committed 27392K, reserved 1073152K
  class space    used 3587K, capacity 3784K, committed 3840K, reserved 1048576K
}
Event: 472.332 GC heap before
{Heap before GC invocations=7 (full 1):
 PSYoungGen      total 54784K, used 52843K [0x00000000e0000000, 0x00000000e4500000, 0x0000000100000000)
  eden space 47104K, 100% used [0x00000000e0000000,0x00000000e2e00000,0x00000000e2e00000)
  from space 7680K, 74% used [0x00000000e2f00000,0x00000000e349ad18,0x00000000e3680000)
  to   space 11776K, 0% used [0x00000000e3980000,0x00000000e3980000,0x00000000e4500000)
 ParOldGen       total 60416K, used 9446K [0x00000000a0000000, 0x00000000a3b00000, 0x00000000e0000000)
  object space 60416K, 15% used [0x00000000a0000000,0x00000000a0939bf8,0x00000000a3b00000)
 Metaspace       used 29721K, capacity 30276K, committed 30464K, reserved 1075200K
  class space    used 4087K, capacity 4297K, committed 4352K, reserved 1048576K
Event: 472.344 GC heap after
Heap after GC invocations=7 (full 1):
 PSYoungGen      total 54784K, used 7299K [0x00000000e0000000, 0x00000000e4200000, 0x0000000100000000)
  eden space 46080K, 0% used [0x00000000e0000000,0x00000000e0000000,0x00000000e2d00000)
  from space 8704K, 83% used [0x00000000e3980000,0x00000000e40a0c80,0x00000000e4200000)
  to   space 10752K, 0% used [0x00000000e2d00000,0x00000000e2d00000,0x00000000e3780000)
 ParOldGen       total 60416K, used 9454K [0x00000000a0000000, 0x00000000a3b00000, 0x00000000e0000000)
  object space 60416K, 15% used [0x00000000a0000000,0x00000000a093bbf8,0x00000000a3b00000)
 Metaspace       used 29721K, capacity 30276K, committed 30464K, reserved 1075200K
  class space    used 4087K, capacity 4297K, committed 4352K, reserved 1048576K
}
Event: 473.284 GC heap before
{Heap before GC invocations=8 (full 1):
 PSYoungGen      total 54784K, used 53379K [0x00000000e0000000, 0x00000000e4200000, 0x0000000100000000)
  eden space 46080K, 100% used [0x00000000e0000000,0x00000000e2d00000,0x00000000e2d00000)
  from space 8704K, 83% used [0x00000000e3980000,0x00000000e40a0c80,0x00000000e4200000)
  to   space 10752K, 0% used [0x00000000e2d00000,0x00000000e2d00000,0x00000000e3780000)
 ParOldGen       total 60416K, used 9454K [0x00000000a0000000, 0x00000000a3b00000, 0x00000000e0000000)
  object space 60416K, 15% used [0x00000000a0000000,0x00000000a093bbf8,0x00000000a3b00000)
 Metaspace       used 33888K, capacity 34612K, committed 34816K, reserved 1079296K
  class space    used 4603K, capacity 4795K, committed 4864K, reserved 1048576K
Event: 473.297 GC heap after
Heap after GC invocations=8 (full 1):
 PSYoungGen      total 56832K, used 9761K [0x00000000e0000000, 0x00000000e7080000, 0x0000000100000000)
  eden space 46080K, 0% used [0x00000000e0000000,0x00000000e0000000,0x00000000e2d00000)
  from space 10752K, 90% used [0x00000000e2d00000,0x00000000e3688680,0x00000000e3780000)
  to   space 11776K, 0% used [0x00000000e6500000,0x00000000e6500000,0x00000000e7080000)
 ParOldGen       total 60416K, used 9462K [0x00000000a0000000, 0x00000000a3b00000, 0x00000000e0000000)
  object space 60416K, 15% used [0x00000000a0000000,0x00000000a093dbf8,0x00000000a3b00000)
 Metaspace       used 33888K, capacity 34612K, committed 34816K, reserved 1079296K
  class space    used 4603K, capacity 4795K, committed 4864K, reserved 1048576K
}
Event: 473.452 GC heap before
{Heap before GC invocations=9 (full 1):
 PSYoungGen      total 56832K, used 17309K [0x00000000e0000000, 0x00000000e7080000, 0x0000000100000000)
  eden space 46080K, 16% used [0x00000000e0000000,0x00000000e075f150,0x00000000e2d00000)
  from space 10752K, 90% used [0x00000000e2d00000,0x00000000e3688680,0x00000000e3780000)
  to   space 11776K, 0% used [0x00000000e6500000,0x00000000e6500000,0x00000000e7080000)
 ParOldGen       total 60416K, used 9462K [0x00000000a0000000, 0x00000000a3b00000, 0x00000000e0000000)
  object space 60416K, 15% used [0x00000000a0000000,0x00000000a093dbf8,0x00000000a3b00000)
 Metaspace       used 34665K, capacity 35386K, committed 35496K, reserved 1079296K
  class space    used 4683K, capacity 4860K, committed 4864K, reserved 1048576K

