# JRE version: OpenJDK Runtime Environment (8.0_152) (build 1.8.0_152-release-1343-b16-5323222)
# Java VM: OpenJDK 64-Bit Server VM (25.152-b16-5323222 mixed mode linux-amd64 compressed oops)
Heap:
 PSYoungGen      total 116224K, used 68541K [0x00000000e0000000, 0x00000000e7e80000, 0x0000000100000000)
  eden space 103936K, 65% used [0x00000000e0000000,0x00000000e42ef5b8,0x00000000e6580000)
  from space 12288K, 0% used [0x00000000e7180000,0x00000000e7180000,0x00000000e7d80000)
  to   space 12288K, 0% used [0x00000000e6580000,0x00000000e6580000,0x00000000e7180000)
 ParOldGen       total 130048K, used 16158K [0x00000000a0000000, 0x00000000a7f00000, 0x00000000e0000000)
  object space 130048K, 12% used [0x00000000a0000000,0x00000000a0fc79e0,0x00000000a7f00000)
 Metaspace       used 43763K, capacity 44766K, committed 45096K, reserved 1087488K
  class space    used 5868K, capacity 6120K, committed 6192K, reserved 1048576K
GC Heap History (10 events):
Event: 8.187 GC heap before
{Heap before GC invocations=6 (full 1):
 PSYoungGen      total 55808K, used 48128K [0x00000000e0000000, 0x00000000e6d00000, 0x0000000100000000)
  eden space 48128K, 100% used [0x00000000e0000000,0x00000000e2f00000,0x00000000e2f00000)
  from space 7680K, 0% used [0x00000000e3680000,0x00000000e3680000,0x00000000e3e00000)
  to   space 7680K, 0% used [0x00000000e2f00000,0x00000000e2f00000,0x00000000e3680000)
 ParOldGen       total 84992K, used 9383K [0x00000000a0000000, 0x00000000a5300000, 0x00000000e0000000)
  object space 84992K, 11% used [0x00000000a0000000,0x00000000a0929ee0,0x00000000a5300000)
 Metaspace       used 26375K, capacity 26928K, committed 27184K, reserved 1073152K
  class space    used 3581K, capacity 3802K, committed 3888K, reserved 1048576K
Event: 8.198 GC heap after
Heap after GC invocations=6 (full 1):
 PSYoungGen      total 55808K, used 5506K [0x00000000e0000000, 0x00000000e5b80000, 0x0000000100000000)
  eden space 48128K, 0% used [0x00000000e0000000,0x00000000e0000000,0x00000000e2f00000)
  from space 7680K, 71% used [0x00000000e2f00000,0x00000000e3460ad8,0x00000000e3680000)
  to   space 11776K, 0% used [0x00000000e5000000,0x00000000e5000000,0x00000000e5b80000)
 ParOldGen       total 84992K, used 9391K [0x00000000a0000000, 0x00000000a5300000, 0x00000000e0000000)
  object space 84992K, 11% used [0x00000000a0000000,0x00000000a092bee0,0x00000000a5300000)
 Metaspace       used 26375K, capacity 26928K, committed 27184K, reserved 1073152K
  class space    used 3581K, capacity 3802K, committed 3888K, reserved 1048576K
}
Event: 9.522 GC heap before
{Heap before GC invocations=7 (full 1):
 PSYoungGen      total 55808K, used 53634K [0x00000000e0000000, 0x00000000e5b80000, 0x0000000100000000)
  eden space 48128K, 100% used [0x00000000e0000000,0x00000000e2f00000,0x00000000e2f00000)
  from space 7680K, 71% used [0x00000000e2f00000,0x00000000e3460ad8,0x00000000e3680000)
  to   space 11776K, 0% used [0x00000000e5000000,0x00000000e5000000,0x00000000e5b80000)
 ParOldGen       total 84992K, used 9391K [0x00000000a0000000, 0x00000000a5300000, 0x00000000e0000000)
  object space 84992K, 11% used [0x00000000a0000000,0x00000000a092bee0,0x00000000a5300000)
 Metaspace       used 29510K, capacity 30096K, committed 30256K, reserved 1075200K
  class space    used 4081K, capacity 4315K, committed 4400K, reserved 1048576K
Event: 9.544 GC heap after
Heap after GC invocations=7 (full 1):
 PSYoungGen      total 82432K, used 7435K [0x00000000e0000000, 0x00000000e5c80000, 0x0000000100000000)
  eden space 70656K, 0% used [0x00000000e0000000,0x00000000e0000000,0x00000000e4500000)
  from space 11776K, 63% used [0x00000000e5000000,0x00000000e5742c68,0x00000000e5b80000)
  to   space 11264K, 0% used [0x00000000e4500000,0x00000000e4500000,0x00000000e5000000)
 ParOldGen       total 84992K, used 9399K [0x00000000a0000000, 0x00000000a5300000, 0x00000000e0000000)
  object space 84992K, 11% used [0x00000000a0000000,0x00000000a092dee0,0x00000000a5300000)
 Metaspace       used 29510K, capacity 30096K, committed 30256K, reserved 1075200K
  class space    used 4081K, capacity 4315K, committed 4400K, reserved 1048576K
}
Event: 13.879 GC heap before
{Heap before GC invocations=8 (full 1):
 PSYoungGen      total 82432K, used 78091K [0x00000000e0000000, 0x00000000e5c80000, 0x0000000100000000)
  eden space 70656K, 100% used [0x00000000e0000000,0x00000000e4500000,0x00000000e4500000)
  from space 11776K, 63% used [0x00000000e5000000,0x00000000e5742c68,0x00000000e5b80000)
  to   space 11264K, 0% used [0x00000000e4500000,0x00000000e4500000,0x00000000e5000000)
 ParOldGen       total 84992K, used 9399K [0x00000000a0000000, 0x00000000a5300000, 0x00000000e0000000)
  object space 84992K, 11% used [0x00000000a0000000,0x00000000a092dee0,0x00000000a5300000)
 Metaspace       used 33610K, capacity 34354K, committed 34608K, reserved 1079296K
  class space    used 4631K, capacity 4836K, committed 4912K, reserved 1048576K
Event: 13.911 GC heap after
Heap after GC invocations=8 (full 1):
 PSYoungGen      total 81920K, used 10648K [0x00000000e0000000, 0x00000000e7d80000, 0x0000000100000000)
  eden space 70656K, 0% used [0x00000000e0000000,0x00000000e0000000,0x00000000e4500000)
  from space 11264K, 94% used [0x00000000e4500000,0x00000000e4f663e8,0x00000000e5000000)
  to   space 12288K, 0% used [0x00000000e7180000,0x00000000e7180000,0x00000000e7d80000)
 ParOldGen       total 84992K, used 9407K [0x00000000a0000000, 0x00000000a5300000, 0x00000000e0000000)
  object space 84992K, 11% used [0x00000000a0000000,0x00000000a092fee0,0x00000000a5300000)
 Metaspace       used 33610K, capacity 34354K, committed 34608K, reserved 1079296K
  class space    used 4631K, capacity 4836K, committed 4912K, reserved 1048576K
}
Event: 15.181 GC heap before
{Heap before GC invocations=9 (full 1):
 PSYoungGen      total 81920K, used 25690K [0x00000000e0000000, 0x00000000e7d80000, 0x0000000100000000)
  eden space 70656K, 21% used [0x00000000e0000000,0x00000000e0eb0458,0x00000000e4500000)
  from space 11264K, 94% used [0x00000000e4500000,0x00000000e4f663e8,0x00000000e5000000)
  to   space 12288K, 0% used [0x00000000e7180000,0x00000000e7180000,0x00000000e7d80000)
 ParOldGen       total 84992K, used 9407K [0x00000000a0000000, 0x00000000a5300000, 0x00000000e0000000)
  object space 84992K, 11% used [0x00000000a0000000,0x00000000a092fee0,0x00000000a5300000)
 Metaspace       used 34645K, capacity 35418K, committed 35496K, reserved 1079296K
  class space    used 4783K, capacity 4973K, committed 5040K, reserved 1048576K
Event: 15.197 GC heap after
Heap after GC invocations=9 (full 1):
 PSYoungGen      total 116224K, used 9387K [0x00000000e0000000, 0x00000000e7e80000, 0x0000000100000000)
  eden space 103936K, 0% used [0x00000000e0000000,0x00000000e0000000,0x00000000e6580000)
  from space 12288K, 76% used [0x00000000e7180000,0x00000000e7aaafb0,0x00000000e7d80000)
  to   space 12288K, 0% used [0x00000000e6580000,0x00000000e6580000,0x00000000e7180000)
 ParOldGen       total 84992K, used 9415K [0x00000000a0000000, 0x00000000a5300000, 0x00000000e0000000)
  object space 84992K, 11% used [0x00000000a0000000,0x00000000a0931ee0,0x00000000a5300000)
 Metaspace       used 34645K, capacity 35418K, committed 35496K, reserved 1079296K
  class space    used 4783K, capacity 4973K, committed 5040K, reserved 1048576K
}
Event: 15.197 GC heap before
{Heap before GC invocations=10 (full 2):
 PSYoungGen      total 116224K, used 9387K [0x00000000e0000000, 0x00000000e7e80000, 0x0000000100000000)
  eden space 103936K, 0% used [0x00000000e0000000,0x00000000e0000000,0x00000000e6580000)
  from space 12288K, 76% used [0x00000000e7180000,0x00000000e7aaafb0,0x00000000e7d80000)
  to   space 12288K, 0% used [0x00000000e6580000,0x00000000e6580000,0x00000000e7180000)
 ParOldGen       total 84992K, used 9415K [0x00000000a0000000, 0x00000000a5300000, 0x00000000e0000000)
  object space 84992K, 11% used [0x00000000a0000000,0x00000000a0931ee0,0x00000000a5300000)
 Metaspace       used 34645K, capacity 35418K, committed 35496K, reserved 1079296K
  class space    used 4783K, capacity 4973K, committed 5040K, reserved 1048576K
Event: 15.306 GC heap after
Heap after GC invocations=10 (full 2):
 PSYoungGen      total 116224K, used 0K [0x00000000e0000000, 0x00000000e7e80000, 0x0000000100000000)
  eden space 103936K, 0% used [0x00000000e0000000,0x00000000e0000000,0x00000000e6580000)
  from space 12288K, 0% used [0x00000000e7180000,0x00000000e7180000,0x00000000e7d80000)
  to   space 12288K, 0% used [0x00000000e6580000,0x00000000e6580000,0x00000000e7180000)
 ParOldGen       total 130048K, used 16158K [0x00000000a0000000, 0x00000000a7f00000, 0x00000000e0000000)
  object space 130048K, 12% used [0x00000000a0000000,0x00000000a0fc79e0,0x00000000a7f00000)
 Metaspace       used 34640K, capacity 35400K, committed 35496K, reserved 1079296K
  class space    used 4781K, capacity 4970K, committed 5040K, reserved 1048576K
}

